{
  "RSpec": {
    "coverage": {
      "/Users/keithwebber/Dropbox/MyRepo/lead_mailer/config/environment.rb": [
        null,
        1,
        null,
        null,
        1
      ],
      "/Users/keithwebber/Dropbox/MyRepo/lead_mailer/config/application.rb": [
        1,
        null,
        null,
        1,
        1,
        1,
        1,
        null,
        null,
        null,
        null,
        1,
        null,
        1,
        1,
        null,
        null,
        null,
        null,
        null,
        null,
        null,
        null,
        null,
        null,
        null,
        null,
        null
      ],
      "/Users/keithwebber/Dropbox/MyRepo/lead_mailer/config/boot.rb": [
        null,
        1,
        null,
        1
      ],
      "/Users/keithwebber/Dropbox/MyRepo/lead_mailer/config/environments/test.rb": [
        1,
        null,
        null,
        null,
        null,
        null,
        null,
        null,
        null,
        null,
        null,
        null,
        null,
        null,
        null,
        1,
        null,
        null,
        null,
        null,
        1,
        null,
        null,
        null,
        null,
        null,
        null,
        null,
        null,
        null,
        null,
        null,
        null,
        null,
        null,
        null,
        null,
        null,
        null,
        null,
        null,
        null,
        null,
        null,
        null,
        null,
        null,
        null,
        null,
        null,
        null,
        null,
        null,
        null,
        null,
        null,
        null,
        null,
        null,
        null,
        1,
        null,
        null,
        null,
        null,
        1,
        null,
        null,
        1,
        1,
        null,
        null,
        1,
        1,
        null,
        null,
        1,
        null,
        null,
        1,
        null,
        null,
        null,
        null,
        1,
        null,
        null,
        1,
        null
      ],
      "/Users/keithwebber/Dropbox/MyRepo/lead_mailer/config/initializers/backtrace_silencers.rb": [
        null,
        null,
        null,
        null,
        null,
        null,
        null
      ],
      "/Users/keithwebber/Dropbox/MyRepo/lead_mailer/config/initializers/devise.rb": [
        null,
        null,
        1,
        null,
        1,
        1,
        null,
        null,
        null,
        null,
        null,
        null,
        null,
        null,
        null,
        null,
        null,
        null,
        null,
        1,
        null,
        null,
        null,
        null,
        null,
        null,
        null,
        null,
        1,
        null,
        null,
        null,
        null,
        null,
        null,
        null,
        null,
        null,
        null,
        null,
        null,
        null,
        null,
        null,
        null,
        null,
        null,
        null,
        null,
        null,
        1,
        null,
        null,
        null,
        null,
        1,
        null,
        null,
        null,
        null,
        null,
        null,
        null,
        null,
        null,
        null,
        null,
        null,
        null,
        null,
        null,
        null,
        null,
        null,
        null,
        null,
        null,
        null,
        null,
        null,
        null,
        null,
        null,
        null,
        null,
        null,
        1,
        null,
        null,
        null,
        null,
        null,
        null,
        null,
        null,
        null,
        null,
        null,
        null,
        null,
        null,
        null,
        null,
        1,
        null,
        null,
        null,
        null,
        null,
        null,
        null,
        null,
        null,
        null,
        null,
        null,
        null,
        null,
        null,
        null,
        null,
        null,
        null,
        null,
        null,
        null,
        null,
        null,
        1,
        null,
        null,
        null,
        null,
        null,
        null,
        null,
        null,
        null,
        null,
        null,
        null,
        null,
        null,
        null,
        null,
        null,
        1,
        null,
        null,
        null,
        null,
        null,
        null,
        null,
        null,
        null,
        null,
        null,
        null,
        null,
        null,
        null,
        null,
        null,
        null,
        null,
        null,
        null,
        null,
        null,
        null,
        null,
        null,
        null,
        null,
        null,
        null,
        null,
        null,
        null,
        null,
        null,
        null,
        null,
        null,
        null,
        null,
        null,
        null,
        null,
        null,
        null,
        null,
        null,
        null,
        1,
        null,
        null,
        null,
        null,
        null,
        null,
        null,
        null,
        null,
        null,
        null,
        null,
        null,
        null,
        null,
        null,
        null,
        null,
        null,
        null,
        null,
        null,
        null,
        null,
        null,
        null,
        null,
        null,
        null,
        null,
        null,
        null,
        null,
        null,
        null,
        null,
        null,
        1,
        null,
        null,
        null,
        null,
        null,
        null,
        null,
        null,
        null,
        null,
        null,
        null,
        null,
        null,
        null,
        null,
        null,
        null,
        null,
        null,
        null,
        null,
        null,
        null,
        null,
        null,
        null,
        null,
        null
      ],
      "/Users/keithwebber/Dropbox/MyRepo/lead_mailer/config/initializers/filter_parameter_logging.rb": [
        null,
        null,
        null,
        1
      ],
      "/Users/keithwebber/Dropbox/MyRepo/lead_mailer/config/initializers/inflections.rb": [
        null,
        null,
        null,
        null,
        null,
        null,
        null,
        null,
        null,
        null,
        null,
        null,
        null,
        null,
        null,
        null
      ],
      "/Users/keithwebber/Dropbox/MyRepo/lead_mailer/config/initializers/mime_types.rb": [
        null,
        null,
        null,
        null,
        null
      ],
      "/Users/keithwebber/Dropbox/MyRepo/lead_mailer/config/initializers/omnicontacts.rb": [
        1,
        null,
        1,
        null,
        1,
        null,
        1,
        null
      ],
      "/Users/keithwebber/Dropbox/MyRepo/lead_mailer/config/initializers/phonelib.rb": [
        1
      ],
      "/Users/keithwebber/Dropbox/MyRepo/lead_mailer/config/initializers/secret_token.rb": [
        null,
        null,
        null,
        null,
        null,
        null,
        null,
        null,
        null,
        null,
        null,
        1
      ],
      "/Users/keithwebber/Dropbox/MyRepo/lead_mailer/config/initializers/session_store.rb": [
        null,
        null,
        1
      ],
      "/Users/keithwebber/Dropbox/MyRepo/lead_mailer/config/initializers/simple_form.rb": [
        null,
        1,
        null,
        null,
        null,
        null,
        null,
        1,
        null,
        null,
        null,
        null,
        null,
        null,
        null,
        null,
        null,
        1,
        null,
        null,
        null,
        1,
        null,
        null,
        null,
        null,
        null,
        null,
        null,
        null,
        1,
        null,
        null,
        1,
        null,
        null,
        1,
        null,
        null,
        1,
        null,
        null,
        1,
        1,
        1,
        null,
        null,
        null,
        1,
        null,
        null,
        null,
        null,
        null,
        1,
        null,
        null,
        1,
        null,
        null,
        null,
        null,
        null,
        null,
        null,
        1,
        null,
        null,
        1,
        null,
        null,
        null,
        null,
        null,
        null,
        null,
        null,
        null,
        null,
        null,
        null,
        null,
        null,
        null,
        null,
        null,
        null,
        null,
        null,
        null,
        null,
        null,
        null,
        null,
        null,
        null,
        null,
        1,
        null,
        null,
        null,
        null,
        null,
        null,
        null,
        null,
        null,
        null,
        null,
        null,
        null,
        null,
        null,
        1,
        null,
        null,
        null,
        null,
        null,
        null,
        null,
        null,
        null,
        null,
        null,
        null,
        null,
        null,
        null,
        null,
        null,
        null,
        null,
        null,
        null,
        null,
        null,
        null,
        null,
        null,
        null,
        null,
        null,
        null,
        null
      ],
      "/Users/keithwebber/Dropbox/MyRepo/lead_mailer/config/initializers/smtp.rb": [
        1,
        0,
        0,
        null,
        null,
        null,
        null
      ],
      "/Users/keithwebber/Dropbox/MyRepo/lead_mailer/config/initializers/wrap_parameters.rb": [
        null,
        null,
        null,
        null,
        null,
        null,
        1,
        1,
        null,
        null,
        null,
        null,
        null,
        null
      ],
      "/Users/keithwebber/Dropbox/MyRepo/lead_mailer/config/routes.rb": [
        1,
        null,
        null,
        null,
        1,
        null,
        1,
        null,
        null,
        1,
        1,
        null,
        null,
        1,
        1,
        null,
        null,
        1,
        null,
        1,
        null,
        1,
        null,
        1,
        null,
        null,
        null,
        null,
        null,
        null,
        null,
        null,
        null,
        null,
        null,
        null,
        null,
        null,
        null,
        null,
        null,
        null,
        null,
        null,
        null,
        null,
        null,
        null,
        null,
        null,
        null,
        null,
        null,
        null,
        null,
        null,
        null,
        null,
        null,
        null,
        null,
        null,
        null,
        null,
        null,
        null,
        null,
        null,
        null,
        null,
        null,
        null,
        null,
        null,
        null,
        null,
        null,
        null,
        null,
        null,
        null,
        null,
        null,
        null
      ],
      "/Users/keithwebber/Dropbox/MyRepo/lead_mailer/app/models/user.rb": [
        1,
        1,
        null,
        null,
        1,
        null,
        null,
        1,
        null,
        null,
        1,
        null,
        null,
        1,
        1,
        null,
        null,
        null,
        1,
        null,
        null,
        null,
        null,
        1,
        1,
        1,
        1,
        1,
        null,
        null,
        null,
        null,
        null,
        null,
        1,
        null,
        2,
        2,
        2,
        null,
        null,
        2,
        null,
        null,
        2,
        2,
        null,
        null,
        null,
        null,
        null,
        null,
        null,
        null,
        2,
        null,
        null,
        2,
        2,
        2,
        null,
        null,
        2,
        null,
        null,
        null
      ],
      "/Users/keithwebber/Dropbox/MyRepo/lead_mailer/app/helpers/application_helper.rb": [
        1,
        null
      ],
      "/Users/keithwebber/Dropbox/MyRepo/lead_mailer/app/mailers/emailblast.rb": [
        1,
        1,
        null
      ],
      "/Users/keithwebber/Dropbox/MyRepo/lead_mailer/app/models/campaign.rb": [
        1,
        1,
        1,
        1,
        null,
        1,
        1,
        null,
        null,
        1,
        1,
        1,
        null
      ],
      "/Users/keithwebber/Dropbox/MyRepo/lead_mailer/app/models/contact_campaign.rb": [
        1,
        1,
        1,
        null,
        1,
        1,
        null
      ],
      "/Users/keithwebber/Dropbox/MyRepo/lead_mailer/app/models/contact.rb": [
        1,
        1,
        1,
        1,
        null,
        1,
        null,
        null,
        null,
        null,
        null,
        1,
        2,
        2,
        2,
        3,
        3,
        3,
        3,
        3,
        null,
        3,
        3,
        null,
        0,
        null,
        null,
        2,
        null,
        null
      ],
      "/Users/keithwebber/Dropbox/MyRepo/lead_mailer/app/models/email_template.rb": [
        1,
        1,
        1,
        null,
        1,
        1,
        null
      ],
      "/Users/keithwebber/Dropbox/MyRepo/lead_mailer/app/models/identity.rb": [
        1,
        1,
        null,
        1,
        1,
        1,
        1,
        null,
        1,
        2,
        2,
        2,
        null,
        2,
        null,
        null
      ],
      "/Users/keithwebber/Dropbox/MyRepo/lead_mailer/app/models/material.rb": [
        1,
        1,
        1,
        1,
        null
      ],
      "/Users/keithwebber/Dropbox/MyRepo/lead_mailer/app/controllers/application_controller.rb": [
        1,
        null,
        null,
        1,
        1,
        null,
        1,
        null,
        1,
        72,
        72,
        null,
        null
      ],
      "/Users/keithwebber/Dropbox/MyRepo/lead_mailer/app/controllers/pages_controller.rb": [
        1,
        1,
        null,
        null
      ],
      "/Users/keithwebber/Dropbox/MyRepo/lead_mailer/app/controllers/users/contacts_controller.rb": [
        1,
        1,
        1,
        12,
        12,
        null,
        null,
        1,
        4,
        4,
        null,
        4,
        3,
        null,
        1,
        null,
        null,
        null,
        1,
        6,
        null,
        null,
        1,
        1,
        null,
        null,
        1,
        2,
        2,
        null,
        null,
        1,
        0,
        null,
        null,
        1,
        0,
        null,
        null,
        1,
        1,
        1,
        1,
        null,
        0,
        null,
        null,
        null,
        1,
        1,
        1,
        1,
        null,
        null,
        1,
        null,
        1,
        5,
        null,
        null,
        null,
        null
      ],
      "/Users/keithwebber/Dropbox/MyRepo/lead_mailer/app/controllers/users/omniauth_callbacks_controller.rb": [
        1,
        1,
        null,
        2,
        2,
        2,
        2,
        null,
        0,
        0,
        null,
        null,
        null,
        1,
        0,
        0,
        null,
        null
      ],
      "/Users/keithwebber/Dropbox/MyRepo/lead_mailer/app/controllers/campaigns_controller.rb": [
        1,
        1,
        7,
        null,
        null,
        1,
        9,
        9,
        null,
        null,
        null,
        null,
        null,
        null,
        9,
        null,
        null,
        1,
        2,
        null,
        null,
        1,
        2,
        null,
        2,
        1,
        null,
        1,
        null,
        null,
        null,
        1,
        5,
        5,
        null,
        null,
        1,
        4,
        4,
        4,
        null,
        null,
        1,
        null,
        1,
        4,
        null,
        null,
        1,
        2,
        null,
        null
      ],
      "/Users/keithwebber/Dropbox/MyRepo/lead_mailer/app/controllers/email_templates_controller.rb": [
        1,
        1,
        2,
        null,
        null,
        null,
        1,
        0,
        null,
        null,
        1,
        0,
        0,
        0,
        null,
        0,
        null,
        null,
        null,
        null,
        1,
        1,
        1,
        1,
        null,
        1,
        null,
        null,
        1,
        null,
        1,
        0,
        null,
        null,
        null
      ],
      "/Users/keithwebber/Dropbox/MyRepo/lead_mailer/app/controllers/registrations_controller.rb": [
        1,
        1,
        1,
        null,
        1,
        0,
        null,
        1,
        1,
        null,
        null,
        1,
        1,
        1,
        1,
        null,
        0,
        null,
        null,
        null,
        1,
        null,
        1,
        null,
        1,
        null,
        null
      ],
      "/Users/keithwebber/Dropbox/MyRepo/lead_mailer/app/controllers/materials_controller.rb": [
        1,
        1,
        0,
        null,
        null,
        1,
        1,
        null,
        1,
        0,
        null,
        1,
        null,
        1,
        null,
        null,
        1,
        2,
        2,
        2,
        1,
        null,
        null,
        null,
        1,
        0,
        0,
        0,
        null,
        0,
        null,
        0,
        null,
        null,
        1,
        1,
        1,
        1,
        0,
        null,
        1,
        1,
        null,
        0,
        null,
        null,
        null,
        1,
        0,
        0,
        0,
        null,
        null,
        1,
        null,
        1,
        1,
        null,
        null
      ]
    },
    "timestamp": 1397997102
  }
}
